<?xml version="1.0" encoding="UTF-8"?>
<testsuite name="com.example.ApplicationTest" tests="1" skipped="0" failures="0" errors="0" timestamp="2022-01-13T21:32:38" hostname="Hariharans-MBP" time="0.573">
  <properties/>
  <testcase name="tesRoot" classname="com.example.ApplicationTest" time="0.573"/>
  <system-out><![CDATA[2022-01-13 15:32:38.840 [Test worker] INFO  ktor.test - Autoreload is disabled because the development mode is off.
2022-01-13 15:32:39.006 [Test worker] INFO  ktor.test - ---->jdbc:postgresql://localhost:6551/dummy
2022-01-13 15:32:39.009 [Test worker] DEBUG com.zaxxer.hikari.HikariConfig - Driver class org.postgresql.Driver found in Thread context class loader sun.misc.Launcher$AppClassLoader@73d16e93
2022-01-13 15:32:39.013 [Test worker] DEBUG com.zaxxer.hikari.HikariConfig - HikariPool-1 - configuration:
2022-01-13 15:32:39.015 [Test worker] DEBUG com.zaxxer.hikari.HikariConfig - allowPoolSuspension.............false
2022-01-13 15:32:39.015 [Test worker] DEBUG com.zaxxer.hikari.HikariConfig - autoCommit......................true
2022-01-13 15:32:39.015 [Test worker] DEBUG com.zaxxer.hikari.HikariConfig - catalog.........................none
2022-01-13 15:32:39.015 [Test worker] DEBUG com.zaxxer.hikari.HikariConfig - connectionInitSql...............none
2022-01-13 15:32:39.015 [Test worker] DEBUG com.zaxxer.hikari.HikariConfig - connectionTestQuery.............none
2022-01-13 15:32:39.015 [Test worker] DEBUG com.zaxxer.hikari.HikariConfig - connectionTimeout...............30000
2022-01-13 15:32:39.015 [Test worker] DEBUG com.zaxxer.hikari.HikariConfig - dataSource......................none
2022-01-13 15:32:39.015 [Test worker] DEBUG com.zaxxer.hikari.HikariConfig - dataSourceClassName.............none
2022-01-13 15:32:39.015 [Test worker] DEBUG com.zaxxer.hikari.HikariConfig - dataSourceJNDI..................none
2022-01-13 15:32:39.016 [Test worker] DEBUG com.zaxxer.hikari.HikariConfig - dataSourceProperties............{password=<masked>}
2022-01-13 15:32:39.016 [Test worker] DEBUG com.zaxxer.hikari.HikariConfig - driverClassName................."org.postgresql.Driver"
2022-01-13 15:32:39.016 [Test worker] DEBUG com.zaxxer.hikari.HikariConfig - healthCheckProperties...........{}
2022-01-13 15:32:39.016 [Test worker] DEBUG com.zaxxer.hikari.HikariConfig - healthCheckRegistry.............none
2022-01-13 15:32:39.016 [Test worker] DEBUG com.zaxxer.hikari.HikariConfig - idleTimeout.....................600000
2022-01-13 15:32:39.016 [Test worker] DEBUG com.zaxxer.hikari.HikariConfig - initializationFailTimeout.......1
2022-01-13 15:32:39.016 [Test worker] DEBUG com.zaxxer.hikari.HikariConfig - isolateInternalQueries..........false
2022-01-13 15:32:39.017 [Test worker] DEBUG com.zaxxer.hikari.HikariConfig - jdbcUrl.........................jdbc:postgresql://localhost:6551/dummy
2022-01-13 15:32:39.017 [Test worker] DEBUG com.zaxxer.hikari.HikariConfig - leakDetectionThreshold..........0
2022-01-13 15:32:39.017 [Test worker] DEBUG com.zaxxer.hikari.HikariConfig - maxLifetime.....................1800000
2022-01-13 15:32:39.017 [Test worker] DEBUG com.zaxxer.hikari.HikariConfig - maximumPoolSize.................10
2022-01-13 15:32:39.017 [Test worker] DEBUG com.zaxxer.hikari.HikariConfig - metricRegistry..................none
2022-01-13 15:32:39.017 [Test worker] DEBUG com.zaxxer.hikari.HikariConfig - metricsTrackerFactory...........none
2022-01-13 15:32:39.017 [Test worker] DEBUG com.zaxxer.hikari.HikariConfig - minimumIdle.....................10
2022-01-13 15:32:39.017 [Test worker] DEBUG com.zaxxer.hikari.HikariConfig - password........................<masked>
2022-01-13 15:32:39.017 [Test worker] DEBUG com.zaxxer.hikari.HikariConfig - poolName........................"HikariPool-1"
2022-01-13 15:32:39.017 [Test worker] DEBUG com.zaxxer.hikari.HikariConfig - readOnly........................false
2022-01-13 15:32:39.017 [Test worker] DEBUG com.zaxxer.hikari.HikariConfig - registerMbeans..................false
2022-01-13 15:32:39.017 [Test worker] DEBUG com.zaxxer.hikari.HikariConfig - scheduledExecutor...............none
2022-01-13 15:32:39.017 [Test worker] DEBUG com.zaxxer.hikari.HikariConfig - schema..........................none
2022-01-13 15:32:39.017 [Test worker] DEBUG com.zaxxer.hikari.HikariConfig - threadFactory...................internal
2022-01-13 15:32:39.017 [Test worker] DEBUG com.zaxxer.hikari.HikariConfig - transactionIsolation............default
2022-01-13 15:32:39.017 [Test worker] DEBUG com.zaxxer.hikari.HikariConfig - username........................"dummy"
2022-01-13 15:32:39.017 [Test worker] DEBUG com.zaxxer.hikari.HikariConfig - validationTimeout...............5000
2022-01-13 15:32:39.018 [Test worker] INFO  com.zaxxer.hikari.HikariDataSource - HikariPool-1 - Starting...
2022-01-13 15:32:39.196 [Test worker] DEBUG com.zaxxer.hikari.pool.HikariPool - HikariPool-1 - Added connection org.postgresql.jdbc.PgConnection@291ab393
2022-01-13 15:32:39.196 [Test worker] INFO  com.zaxxer.hikari.HikariDataSource - HikariPool-1 - Start completed.
2022-01-13 15:32:39.218 [Test worker] INFO  ktor.test - Application started in 0.411 seconds.
]]></system-out>
  <system-err><![CDATA[]]></system-err>
</testsuite>
